  Main.cpp
G:\Documentos\FI\CLASES SEM 2022-2\CGEIHC\Repositorio\314054269_Proyecto_GpoO4\ProyectoFinal\ProyectoFinal\Main.cpp(129,30): warning C4244: 'inicializando': conversión de 'double' a 'GLfloat'; posible pérdida de datos
G:\Documentos\FI\CLASES SEM 2022-2\CGEIHC\Repositorio\314054269_Proyecto_GpoO4\ProyectoFinal\ProyectoFinal\Main.cpp(374,17): warning C4244: '=': conversión de 'double' a 'GLfloat'; posible pérdida de datos
G:\Documentos\FI\CLASES SEM 2022-2\CGEIHC\Repositorio\314054269_Proyecto_GpoO4\ProyectoFinal\ProyectoFinal\Main.cpp(375,17): warning C4244: '=': conversión de 'double' a 'GLfloat'; posible pérdida de datos
G:\Documentos\FI\CLASES SEM 2022-2\CGEIHC\Repositorio\314054269_Proyecto_GpoO4\ProyectoFinal\ProyectoFinal\Main.cpp(379,21): warning C4244: 'inicializando': conversión de 'double' a 'GLfloat'; posible pérdida de datos
G:\Documentos\FI\CLASES SEM 2022-2\CGEIHC\Repositorio\314054269_Proyecto_GpoO4\ProyectoFinal\ProyectoFinal\Main.cpp(380,21): warning C4244: 'inicializando': conversión de 'double' a 'GLfloat'; posible pérdida de datos
G:\Documentos\FI\CLASES SEM 2022-2\CGEIHC\Repositorio\314054269_Proyecto_GpoO4\ProyectoFinal\ProyectoFinal\Main.cpp(382,13): warning C4244: '=': conversión de 'double' a 'GLfloat'; posible pérdida de datos
G:\Documentos\FI\CLASES SEM 2022-2\CGEIHC\Repositorio\314054269_Proyecto_GpoO4\ProyectoFinal\ProyectoFinal\Main.cpp(383,13): warning C4244: '=': conversión de 'double' a 'GLfloat'; posible pérdida de datos
soil2-debug.lib(SOIL2.obj) : warning LNK4075: se omite '/EDITANDCONTINUE' debido a la especificación '/OPT:ICF'
LINK : warning LNK4098: la biblioteca predeterminada'MSVCRTD' entra en conflicto con otras bibliotecas; use la biblioteca /NODEFAULTLIB:biblioteca
  Generando código
  1 of 604 functions ( 0.2%) were compiled, the rest were copied from previous compilation.
    0 functions were new in current compilation
    6 functions had inline decision re-evaluated but remain unchanged
  Generación de código finalizada
soil2-debug.lib(etc1_utils.obj) : warning LNK4099: no se encontró PDB 'soil2-debug.pdb' con 'soil2-debug.lib(etc1_utils.obj)' o en 'G:\Documentos\FI\CLASES SEM 2022-2\CGEIHC\Repositorio\314054269_Proyecto_GpoO4\ProyectoFinal\Release\soil2-debug.pdb'; se vinculará el objeto sin tener en cuenta información de depuración
soil2-debug.lib(image_DXT.obj) : warning LNK4099: no se encontró PDB 'soil2-debug.pdb' con 'soil2-debug.lib(image_DXT.obj)' o en 'G:\Documentos\FI\CLASES SEM 2022-2\CGEIHC\Repositorio\314054269_Proyecto_GpoO4\ProyectoFinal\Release\soil2-debug.pdb'; se vinculará el objeto sin tener en cuenta información de depuración
soil2-debug.lib(image_helper.obj) : warning LNK4099: no se encontró PDB 'soil2-debug.pdb' con 'soil2-debug.lib(image_helper.obj)' o en 'G:\Documentos\FI\CLASES SEM 2022-2\CGEIHC\Repositorio\314054269_Proyecto_GpoO4\ProyectoFinal\Release\soil2-debug.pdb'; se vinculará el objeto sin tener en cuenta información de depuración
soil2-debug.lib(SOIL2.obj) : warning LNK4099: no se encontró PDB '' con 'soil2-debug.lib(SOIL2.obj)' o en ''; se vinculará el objeto sin tener en cuenta información de depuración
  ProyectoFinal.vcxproj -> G:\Documentos\FI\CLASES SEM 2022-2\CGEIHC\Repositorio\314054269_Proyecto_GpoO4\ProyectoFinal\Release\ProyectoFinal.exe
